<?xml version='1.0' encoding='UTF-8'?>
<testsuite hostname="Nicoles-MacBook-Pro-2.local" name="edu.colorado.csci3155.project2.CanvasTests" tests="14" errors="0" failures="0" skipped="0" time="0.051" timestamp="2026-03-26T17:00:04">
          <properties>
[...]
</properties>
          <testcase classname="edu.colorado.csci3155.project2.CanvasTests" name="Test Bounding Box with Polygon" time="0.024">
                      
                    </testcase><testcase classname="edu.colorado.csci3155.project2.CanvasTests" name="Test Bounding Box with Circle" time="0.003">
                      
                    </testcase><testcase classname="edu.colorado.csci3155.project2.CanvasTests" name="Test Bounding Box with two circles and one polygon" time="0.002">
                      
                    </testcase><testcase classname="edu.colorado.csci3155.project2.CanvasTests" name="Test Overlap of two figures" time="0.0">
                      
                    </testcase><testcase classname="edu.colorado.csci3155.project2.CanvasTests" name="Test Place Right" time="0.003">
                      
                    </testcase><testcase classname="edu.colorado.csci3155.project2.CanvasTests" name="Test Place Right2" time="0.002">
                      
                    </testcase><testcase classname="edu.colorado.csci3155.project2.CanvasTests" name="Test Place Right3" time="0.001">
                      
                    </testcase><testcase classname="edu.colorado.csci3155.project2.CanvasTests" name="Test Place Top" time="0.002">
                      
                    </testcase><testcase classname="edu.colorado.csci3155.project2.CanvasTests" name="Test Place Top2" time="0.003">
                      
                    </testcase><testcase classname="edu.colorado.csci3155.project2.CanvasTests" name="Test Place Top3" time="0.0">
                      
                    </testcase><testcase classname="edu.colorado.csci3155.project2.CanvasTests" name="Test Rotate" time="0.007">
                      
                    </testcase><testcase classname="edu.colorado.csci3155.project2.CanvasTests" name="Test Translate" time="0.002">
                      
                    </testcase><testcase classname="edu.colorado.csci3155.project2.CanvasTests" name="test reflection #1" time="0.002">
                      
                    </testcase><testcase classname="edu.colorado.csci3155.project2.CanvasTests" name="test reflection #2" time="0.0">
                      
                    </testcase>
          <system-out><![CDATA[]]></system-out>
          <system-err><![CDATA[]]></system-err>
        </testsuite>